[debug] [2023-02-25T06:57:49.304Z] ----------------------------------------------------------------------
[debug] [2023-02-25T06:57:49.308Z] Command:       C:\Program Files\nodejs\node.exe C:\Users\henijo\AppData\Roaming\npm\node_modules\firebase-tools\lib\bin\firebase.js init
[debug] [2023-02-25T06:57:49.309Z] CLI Version:   11.24.0
[debug] [2023-02-25T06:57:49.310Z] Platform:      win32
[debug] [2023-02-25T06:57:49.310Z] Node Version:  v18.14.1
[debug] [2023-02-25T06:57:49.311Z] Time:          Sat Feb 25 2023 01:57:49 GMT-0500 (hora estándar de Cuba)
[debug] [2023-02-25T06:57:49.312Z] ----------------------------------------------------------------------
[debug] 
[debug] [2023-02-25T06:57:49.321Z] > command requires scopes: ["email","openid","https://www.googleapis.com/auth/cloudplatformprojects.readonly","https://www.googleapis.com/auth/firebase","https://www.googleapis.com/auth/cloud-platform"]
[debug] [2023-02-25T06:57:49.322Z] > authorizing via signed-in user (casandraperez17@gmail.com)
[info] 
     ######## #### ########  ######## ########     ###     ######  ########
     ##        ##  ##     ## ##       ##     ##  ##   ##  ##       ##
     ######    ##  ########  ######   ########  #########  ######  ######
     ##        ##  ##    ##  ##       ##     ## ##     ##       ## ##
     ##       #### ##     ## ######## ########  ##     ##  ######  ########

You're about to initialize a Firebase project in this directory:

  C:\Users\henijo\Desktop\Recetas-MindHUb\miprimerpaginaderecetas-main

[info] 
=== Project Setup
[info] 
[info] First, let's associate this project directory with a Firebase project.
[info] You can create multiple project aliases by running firebase use --add, 
[info] but for now we'll just set up a default project.
[info] 
[debug] [2023-02-25T06:58:03.646Z] >>> [apiv2][query] GET https://firebase.googleapis.com/v1beta1/projects pageSize=100
[debug] [2023-02-25T06:58:07.699Z] <<< [apiv2][status] GET https://firebase.googleapis.com/v1beta1/projects 200
[debug] [2023-02-25T06:58:07.699Z] <<< [apiv2][body] GET https://firebase.googleapis.com/v1beta1/projects [omitted]
[info] i  Using project mindhub-dab1f (MindHub) 
[info] 
=== Hosting Setup
[info] 
[info] Your public directory is the folder (relative to your project directory) that
[info] will contain Hosting assets to be uploaded with firebase deploy. If you
[info] have a build process for your assets, use your build's output directory.
[info] 
[info] +  Wrote public/404.html 
[debug] [2023-02-25T06:58:31.076Z] >>> [apiv2][query] GET https://www.gstatic.com/firebasejs/releases.json [none]
[debug] [2023-02-25T06:58:31.906Z] <<< [apiv2][status] GET https://www.gstatic.com/firebasejs/releases.json 200
[debug] [2023-02-25T06:58:31.907Z] <<< [apiv2][body] GET https://www.gstatic.com/firebasejs/releases.json {"current":{"version":"9.17.1","browserURL":"https://www.gstatic.com/firebasejs/9.17.1/firebase.js","packageURL":"https://www.gstatic.com/firebasejs/9.17.1/firebase.tgz"},"live":{"version":"9.17","browserURL":"https://www.gstatic.com/firebasejs/live/9.17/firebase.js","packageURL":"https://www.gstatic.com/firebasejs/live/9.17/firebase.tgz"},"components":{"analytics":"https://www.gstatic.com/firebasejs/9.17.1/firebase-analytics.js","app":"https://www.gstatic.com/firebasejs/9.17.1/firebase-app.js","app-check":"https://www.gstatic.com/firebasejs/9.17.1/firebase-app-check.js","auth":"https://www.gstatic.com/firebasejs/9.17.1/firebase-auth.js","auth/cordova":"https://www.gstatic.com/firebasejs/9.17.1/firebase-auth/cordova.js","auth/react-native":"https://www.gstatic.com/firebasejs/9.17.1/firebase-auth/react-native.js","functions":"https://www.gstatic.com/firebasejs/9.17.1/firebase-functions.js","firestore":"https://www.gstatic.com/firebasejs/9.17.1/firebase-firestore.js","firestore/lite":"https://www.gstatic.com/firebasejs/9.17.1/firebase-firestore/lite.js","installations":"https://www.gstatic.com/firebasejs/9.17.1/firebase-installations.js","storage":"https://www.gstatic.com/firebasejs/9.17.1/firebase-storage.js","performance":"https://www.gstatic.com/firebasejs/9.17.1/firebase-performance.js","remote-config":"https://www.gstatic.com/firebasejs/9.17.1/firebase-remote-config.js","messaging":"https://www.gstatic.com/firebasejs/9.17.1/firebase-messaging.js","messaging/sw":"https://www.gstatic.com/firebasejs/9.17.1/firebase-messaging/sw.js","database":"https://www.gstatic.com/firebasejs/9.17.1/firebase-database.js","firestore.memory":"https://www.gstatic.com/firebasejs/9.17.1/firebase-firestore.memory.js"}}
[info] +  Wrote public/index.html 
[info] 
[info] i  Detected a .git folder at C:\Users\henijo 
[info] i  Authorizing with GitHub to upload your service account to a GitHub repository's secrets store. 
[info] 
[info] Visit this URL on this device to log in:
[info] https://github.com/login/oauth/authorize?client_id=89cf50f02ac6aaed3484&state=39276636&redirect_uri=http%3A%2F%2Flocalhost%3A9005&scope=read%3Auser%20repo%20public_repo
[info] 
[info] Waiting for authentication...
[debug] [2023-02-25T06:58:34.146Z] >>> [apiv2][query] POST https://github.com/login/oauth/access_token [none]
[debug] [2023-02-25T06:58:34.146Z] >>> [apiv2][body] POST https://github.com/login/oauth/access_token [stream]
[debug] [2023-02-25T06:58:34.781Z] <<< [apiv2][status] POST https://github.com/login/oauth/access_token 200
[debug] [2023-02-25T06:58:34.781Z] <<< [apiv2][body] POST https://github.com/login/oauth/access_token {"access_token":"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","token_type":"bearer","scope":"read:user,repo"}
[debug] [2023-02-25T06:58:34.804Z] >>> [apiv2][query] GET https://api.github.com/user [none]
[debug] [2023-02-25T06:58:35.448Z] <<< [apiv2][status] GET https://api.github.com/user 200
[debug] [2023-02-25T06:58:35.448Z] <<< [apiv2][body] GET https://api.github.com/user {"login":"Cassfsd","id":107708449,"node_id":"U_kgDOBmuAIQ","avatar_url":"https://avatars.githubusercontent.com/u/107708449?v=4","gravatar_id":"","url":"https://api.github.com/users/Cassfsd","html_url":"https://github.com/Cassfsd","followers_url":"https://api.github.com/users/Cassfsd/followers","following_url":"https://api.github.com/users/Cassfsd/following{/other_user}","gists_url":"https://api.github.com/users/Cassfsd/gists{/gist_id}","starred_url":"https://api.github.com/users/Cassfsd/starred{/owner}{/repo}","subscriptions_url":"https://api.github.com/users/Cassfsd/subscriptions","organizations_url":"https://api.github.com/users/Cassfsd/orgs","repos_url":"https://api.github.com/users/Cassfsd/repos","events_url":"https://api.github.com/users/Cassfsd/events{/privacy}","received_events_url":"https://api.github.com/users/Cassfsd/received_events","type":"User","site_admin":false,"name":"Casandra Pérez","company":null,"blog":"","location":"BSAS, Argentina","email":null,"hireable":null,"bio":null,"twitter_username":null,"public_repos":7,"public_gists":0,"followers":1,"following":2,"created_at":"2022-06-17T17:05:00Z","updated_at":"2023-02-22T21:50:42Z","private_gists":0,"total_private_repos":1,"owned_private_repos":1,"disk_usage":9142,"collaborators":0,"two_factor_authentication":false,"plan":{"name":"free","space":976562499,"collaborators":0,"private_repos":10000}}
[info] 
[info] +  Success! Logged into GitHub as Cassfsd 
[info] 
